  Missile.cpp
D:\Git\Libro1\Libro1\Libro1\src\Missile.cpp(20,70): warning C4244: 'argument': conversion from 'T' to 'float', possible loss of data
          with
          [
              T=unsigned int
          ]
D:\Git\Libro1\Libro1\Libro1\src\Missile.cpp(20,43): warning C4244: 'argument': conversion from 'T' to 'float', possible loss of data
          with
          [
              T=unsigned int
          ]
  Enemy.cpp
D:\Git\Libro1\Libro1\Libro1\src\Enemy.cpp(15,70): warning C4244: 'argument': conversion from 'T' to 'float', possible loss of data
          with
          [
              T=unsigned int
          ]
D:\Git\Libro1\Libro1\Libro1\src\Enemy.cpp(15,43): warning C4244: 'argument': conversion from 'T' to 'float', possible loss of data
          with
          [
              T=unsigned int
          ]
  Hero.cpp
D:\Git\Libro1\Libro1\Libro1\src\Hero.cpp(23,56): warning C4244: 'argument': conversion from 'int' to 'float', possible loss of data
D:\Git\Libro1\Libro1\Libro1\src\Hero.cpp(23,36): warning C4244: 'argument': conversion from 'int' to 'float', possible loss of data
  main.cpp
D:\Git\Libro1\Libro1\Libro1\src\main.cpp(19,38): warning C4244: 'argument': conversion from 'T' to 'unsigned int', possible loss of data
          with
          [
              T=float
          ]
D:\Git\Libro1\Libro1\Libro1\src\main.cpp(19,26): warning C4244: 'argument': conversion from 'T' to 'unsigned int', possible loss of data
          with
          [
              T=float
          ]
D:\Git\Libro1\Libro1\Libro1\src\main.cpp(330,85): warning C4244: 'argument': conversion from 'int' to 'float', possible loss of data
  Generating code
  Previous IPDB not found, fall back to full compilation.
  All 307 functions were compiled because no usable IPDB/IOBJ from previous compilation was found.
  Finished generating code
  Libro1.vcxproj -> D:\Git\Libro1\Libro1\x64\Release\Libro1.exe
